kotlin-project/app/build/intermediates/manifest_merge_blame_file/debug/manifest-merger-blame-debug-report.txt
1<?xml version="1.0" encoding="utf-8"?>
2<manifest xmlns:android="http://schemas.android.com/apk/res/android"
3    package="com.eps.creditoffer"
4    android:versionCode="1"
5    android:versionName="1.0" >
6
7    <uses-sdk
8        android:minSdkVersion="19"
8-->src/main/AndroidManifest.xml
9        android:targetSdkVersion="24" />
9-->src/main/AndroidManifest.xml
10
11    <uses-permission android:name="android.permission.INTERNET" />
11-->src/main/AndroidManifest.xml:5:5-67
11-->src/main/AndroidManifest.xml:5:22-64
12
13    <application
13-->src/main/AndroidManifest.xml:7:5-33:19
14        android:allowBackup="true"
14-->src/main/AndroidManifest.xml:8:9-35
15        android:appComponentFactory="androidx.core.app.CoreComponentFactory"
15-->[androidx.core:core:1.0.2] AndroidManifest.xml:22:18-86
16        android:debuggable="true"
17        android:icon="@mipmap/ic_launcher"
17-->src/main/AndroidManifest.xml:9:9-43
18        android:label="@string/app_name"
18-->src/main/AndroidManifest.xml:10:9-41
19        android:roundIcon="@mipmap/ic_launcher_round"
19-->src/main/AndroidManifest.xml:11:9-54
20        android:supportsRtl="true"
20-->src/main/AndroidManifest.xml:12:9-35
21        android:testOnly="true"
22        android:theme="@style/AppTheme" >
22-->src/main/AndroidManifest.xml:13:9-40
23        <activity android:name="com.eps.creditoffer.MainActivity" />
23-->src/main/AndroidManifest.xml:15:9-49
23-->src/main/AndroidManifest.xml:15:19-47
24        <activity android:name="com.eps.creditoffer.CashIn" />
24-->src/main/AndroidManifest.xml:16:9-43
24-->src/main/AndroidManifest.xml:16:19-41
25        <activity android:name="com.eps.creditoffer.CashOut" />
25-->src/main/AndroidManifest.xml:17:9-44
25-->src/main/AndroidManifest.xml:17:19-42
26        <activity android:name="com.eps.creditoffer.TrackLimit" />
26-->src/main/AndroidManifest.xml:18:9-47
26-->src/main/AndroidManifest.xml:18:19-45
27        <activity android:name="com.eps.creditoffer.Eligibility" />
27-->src/main/AndroidManifest.xml:19:9-48
27-->src/main/AndroidManifest.xml:19:19-46
28        <activity android:name="com.eps.creditoffer.Installment" />
28-->src/main/AndroidManifest.xml:20:9-48
28-->src/main/AndroidManifest.xml:20:19-46
29        <activity android:name="com.eps.creditoffer.OverdraftConfirmation" />
29-->src/main/AndroidManifest.xml:21:9-58
29-->src/main/AndroidManifest.xml:21:19-56
30        <activity android:name="com.eps.creditoffer.StartActivity" >
30-->src/main/AndroidManifest.xml:22:9-28:20
30-->src/main/AndroidManifest.xml:22:19-48
31            <intent-filter>
31-->src/main/AndroidManifest.xml:23:13-27:29
32                <action android:name="android.intent.action.MAIN" />
32-->src/main/AndroidManifest.xml:24:17-69
32-->src/main/AndroidManifest.xml:24:25-66
33
34                <category android:name="android.intent.category.LAUNCHER" />
34-->src/main/AndroidManifest.xml:26:17-77
34-->src/main/AndroidManifest.xml:26:27-74
35            </intent-filter>
36        </activity>
37
38        <meta-data
38-->src/main/AndroidManifest.xml:30:9-32:57
39            android:name="preloaded_fonts"
39-->src/main/AndroidManifest.xml:31:13-43
40            android:resource="@array/preloaded_fonts" />
40-->src/main/AndroidManifest.xml:32:13-54
41    </application>
42
43</manifest>